Warning message:
replacing previous import ‘S7::validate’ by ‘jsonlite::validate’ when loading ‘optimaltrees’ 
Warning messages:
1: In build_classification_result(compute_probabilities, has_tree,  :
  Model training may have failed or serialization returned empty result. Try reducing dataset size or adjusting regularization.
2: In optimaltrees::fit_rashomon(X = X_train, y = y_train, loss_function = loss_function,  :
  No trees found in rashomon set. Consider adjusting regularization or rashomon_bound_multiplier.
3: In optimaltrees::get_rashomon_trees(model, max_leaves = max_leaves) :
  No trees in Rashomon set
4: In doTryCatch(return(expr), name, parentenv, handler) :
  Fold 2: No trees in Rashomon set. Consider adjusting regularization or max_leaves.
5: In build_classification_result(compute_probabilities, has_tree,  :
  Model training may have failed or serialization returned empty result. Try reducing dataset size or adjusting regularization.
6: CV task 3 (lambda index 1, fold 3) failed: Cannot make predictions: tree structure not found in model object.
This indicates a problem during model fitting or an invalid model object.
Expected: object$model$tree_json or object$model$result_data to exist. 
7: In build_classification_result(compute_probabilities, has_tree,  :
  Model training may have failed or serialization returned empty result. Try reducing dataset size or adjusting regularization.
8: In optimaltrees::fit_rashomon(X = X_train, y = y_train, loss_function = loss_function,  :
  No trees found in rashomon set. Consider adjusting regularization or rashomon_bound_multiplier.
9: In optimaltrees::get_rashomon_trees(model, max_leaves = max_leaves) :
  No trees in Rashomon set
10: In doTryCatch(return(expr), name, parentenv, handler) :
  Fold 5: No trees in Rashomon set. Consider adjusting regularization or max_leaves.
